<?xml version="1.0" encoding="UTF-8"?>
<!-- Generated by org.testng.reporters.JUnitXMLReporter -->
<testsuite hostname="schakrab2l5" name="Test" tests="18" failures="1" timestamp="16 Dec 2019 10:10:33 GMT" time="7.541" errors="0">
  <testcase name="validateAllHeader" time="0.011" classname="com.DocStudio.testcases.TC001_get_all_employees_data"/>
  <testcase name="validateHeaderIsNotNull" time="0.003" classname="com.DocStudio.testcases.TC001_get_all_employees_data"/>
  <testcase name="validateResponseIsNotNull" time="0.02" classname="com.DocStudio.testcases.TC001_get_all_employees_data"/>
  <testcase name="validateSingleHeader" time="0.001" classname="com.DocStudio.testcases.TC001_get_all_employees_data"/>
  <testcase name="validateStatusCode" time="0.002" classname="com.DocStudio.testcases.TC001_get_all_employees_data"/>
  <testcase name="validaterResponseTime" time="0.001" classname="com.DocStudio.testcases.TC001_get_all_employees_data"/>
  <testcase name="checkContentType" time="0.001" classname="com.DocStudio.testcases.TC003_post_emp_record"/>
  <testcase name="checkEmployeeData" time="0.001" classname="com.DocStudio.testcases.TC003_post_emp_record"/>
  <testcase name="checkStatusCode" time="0.001" classname="com.DocStudio.testcases.TC003_post_emp_record"/>
  <testcase name="checkStatusLine" time="0.001" classname="com.DocStudio.testcases.TC003_post_emp_record"/>
  <testcase name="checkStatusCode" time="0.001" classname="com.DocStudio.testcases.TC005_delete_emp_record"/>
  <testcase name="checkStatusLine" time="0.0" classname="com.DocStudio.testcases.TC005_delete_emp_record"/>
  <testcase name="checkSuccesMessage" time="0.001" classname="com.DocStudio.testcases.TC005_delete_emp_record"/>
  <testcase name="checkContentType" time="0.001" classname="com.DocStudio.testcases.TC004_update_emp_record"/>
  <testcase name="checkEmployeeData" time="0.0" classname="com.DocStudio.testcases.TC004_update_emp_record"/>
  <testcase name="checkStatusCode" time="0.001" classname="com.DocStudio.testcases.TC004_update_emp_record"/>
  <testcase name="checkStatusLine" time="0.001" classname="com.DocStudio.testcases.TC004_update_emp_record"/>
  <testcase name="getEmployeeData" time="0.002" classname="com.DocStudio.testcases.TC002_get_single_employee_data">
    <failure type="java.lang.AssertionError" message="expected [true] but found [false]">
      <![CDATA[java.lang.AssertionError: expected [true] but found [false]
	at com.DocStudio.testcases.TC002_get_single_employee_data.getEmployeeData(TC002_get_single_employee_data.java:33)
... Removed 30 stack frames]]>
    </failure>
  </testcase> <!-- getEmployeeData -->
</testsuite> <!-- Test -->
